{"name": "Проверка успешного появления номера оформленного заказа в разделе \"В работе\"", "status": "broken", "statusDetails": {"message": "selenium.common.exceptions.TimeoutException: Message:", "trace": "self = <test_list_of_orders.TestListOfOrders object at 0x00000191600EF560>, driver = <selenium.webdriver.firefox.webdriver.WebDriver (session=\"10357abb-88de-4c0d-b1db-9422e81a9c88\")>\nnavigate = <selenium.webdriver.firefox.webdriver.WebDriver (session=\"10357abb-88de-4c0d-b1db-9422e81a9c88\")>\nsetup_method = (<pages.main_page.MainPage object at 0x000001915D9F25A0>, <pages.account_page.AccountPage object at 0x000001916017D070>, <pages.list_of_orders_page.ListOfOrdersPage object at 0x000001916017F050>)\nlogin = <selenium.webdriver.firefox.webdriver.WebDriver (session=\"10357abb-88de-4c0d-b1db-9422e81a9c88\")>\n\n    @allure.title('Проверка успешного появления номера оформленного заказа в разделе \"В работе\"')\n    def test_number_of_created_order_shown_in_orders_in_progress(self, driver, navigate, setup_method,login):\n        main, account, list = setup_method\n        main.create_order()\n>       main.wait_invisible_number_9999_in_created_order_window()\n\ntests\\test_list_of_orders.py:39: \n_ _ _ _ _ _ _ _ _ _ _ _ _ _ _ _ _ _ _ _ _ _ _ _ _ _ _ _ _ _ _ _ _ _ _ _ _ _ _ _ _ _ _ _ _ _ _ _ _ _ _ _ _ _ _ _ _ _ _ _ _ _ _ _ _ _ _ _ _ _ _ _ _ _ _ _ _ _ _ _ _ _ _ _ _ _ _ _ _ _ _ _\npages\\main_page.py:57: in wait_invisible_number_9999_in_created_order_window\n    self.invisible_element(Locators.ORDER_NUMBER_9999)\npages\\base_page.py:91: in invisible_element\n    WebDriverWait(self.driver, timeout).until(expected_conditions.invisibility_of_element_located((locator)))\n_ _ _ _ _ _ _ _ _ _ _ _ _ _ _ _ _ _ _ _ _ _ _ _ _ _ _ _ _ _ _ _ _ _ _ _ _ _ _ _ _ _ _ _ _ _ _ _ _ _ _ _ _ _ _ _ _ _ _ _ _ _ _ _ _ _ _ _ _ _ _ _ _ _ _ _ _ _ _ _ _ _ _ _ _ _ _ _ _ _ _ _\n\nself = <selenium.webdriver.support.wait.WebDriverWait (session=\"10357abb-88de-4c0d-b1db-9422e81a9c88\")>\nmethod = <function invisibility_of_element_located.<locals>._predicate at 0x00000191601DA5C0>, message = ''\n\n    def until(self, method: Callable[[D], Union[Literal[False], T]], message: str = \"\") -> T:\n        \"\"\"Calls the method provided with the driver as an argument until the \\\n        return value does not evaluate to ``False``.\n    \n        :param method: callable(WebDriver)\n        :param message: optional message for :exc:`TimeoutException`\n        :returns: the result of the last call to `method`\n        :raises: :exc:`selenium.common.exceptions.TimeoutException` if timeout occurs\n        \"\"\"\n        screen = None\n        stacktrace = None\n    \n        end_time = time.monotonic() + self._timeout\n        while True:\n            try:\n                value = method(self._driver)\n                if value:\n                    return value\n            except self._ignored_exceptions as exc:\n                screen = getattr(exc, \"screen\", None)\n                stacktrace = getattr(exc, \"stacktrace\", None)\n            time.sleep(self._poll)\n            if time.monotonic() > end_time:\n                break\n>       raise TimeoutException(message, screen, stacktrace)\nE       selenium.common.exceptions.TimeoutException: Message:\n\n.venv\\Lib\\site-packages\\selenium\\webdriver\\support\\wait.py:105: TimeoutException"}, "steps": [{"name": "Оформить заказ", "status": "passed", "steps": [{"name": "Перетаскиваем выбранный ингредиент в зону формирования бургера", "status": "passed", "steps": [{"name": "Перетаскиваем выбранный элемент в нужное поле на странице", "status": "passed", "steps": [{"name": "Находим элемент", "status": "passed", "parameters": [{"name": "locator", "value": "['xpath', \".//a[(@href='/ingredient/61c0c5a71d1f82001bdaaa6d')]\"]"}, {"name": "timeout", "value": "10"}], "start": 1730054646146, "stop": 1730054646656}, {"name": "Находим элемент", "status": "passed", "parameters": [{"name": "locator", "value": "['xpath', \".//div[contains(@class, 'constructor-element_pos_top')]\"]"}, {"name": "timeout", "value": "10"}], "start": 1730054646656, "stop": 1730054646659}], "parameters": [{"name": "locator_source", "value": "['xpath', \".//a[(@href='/ingredient/61c0c5a71d1f82001bdaaa6d')]\"]"}, {"name": "locator_target", "value": "['xpath', \".//div[contains(@class, 'constructor-element_pos_top')]\"]"}, {"name": "timeout", "value": "10"}], "start": 1730054646146, "stop": 1730054647191}], "start": 1730054646146, "stop": 1730054647191}, {"name": "Кликаем на кнопку оформления заказа", "status": "passed", "steps": [{"name": "Кликаем на элемент", "status": "passed", "steps": [{"name": "Находим элемент", "status": "passed", "parameters": [{"name": "locator", "value": "['xpath', \".//button[text()='Оформить заказ']\"]"}, {"name": "timeout", "value": "10"}], "start": 1730054647192, "stop": 1730054647195}], "parameters": [{"name": "locator", "value": "['xpath', \".//button[text()='Оформить заказ']\"]"}, {"name": "timeout", "value": "10"}], "start": 1730054647191, "stop": 1730054647417}], "start": 1730054647191, "stop": 1730054647417}], "start": 1730054646146, "stop": 1730054647417}, {"name": "Ожидание на отсуствие номера заказа 9999 в окне после создания заказа", "status": "broken", "statusDetails": {"message": "selenium.common.exceptions.TimeoutException: Message: \n\n", "trace": "  File \"C:\\Users\\artmo\\Documents\\3\\pythonProject\\.venv\\Lib\\site-packages\\allure_commons\\_allure.py\", line 192, in impl\n    return func(*a, **kw)\n           ^^^^^^^^^^^^^^\n  File \"C:\\Users\\artmo\\Documents\\3\\pythonProject\\pages\\main_page.py\", line 57, in wait_invisible_number_9999_in_created_order_window\n    self.invisible_element(Locators.ORDER_NUMBER_9999)\n  File \"C:\\Users\\artmo\\Documents\\3\\pythonProject\\.venv\\Lib\\site-packages\\allure_commons\\_allure.py\", line 192, in impl\n    return func(*a, **kw)\n           ^^^^^^^^^^^^^^\n  File \"C:\\Users\\artmo\\Documents\\3\\pythonProject\\pages\\base_page.py\", line 91, in invisible_element\n    WebDriverWait(self.driver, timeout).until(expected_conditions.invisibility_of_element_located((locator)))\n  File \"C:\\Users\\artmo\\Documents\\3\\pythonProject\\.venv\\Lib\\site-packages\\selenium\\webdriver\\support\\wait.py\", line 105, in until\n    raise TimeoutException(message, screen, stacktrace)\n"}, "steps": [{"name": "Ожидание невидимости элемента", "status": "broken", "statusDetails": {"message": "selenium.common.exceptions.TimeoutException: Message: \n\n", "trace": "  File \"C:\\Users\\artmo\\Documents\\3\\pythonProject\\.venv\\Lib\\site-packages\\allure_commons\\_allure.py\", line 192, in impl\n    return func(*a, **kw)\n           ^^^^^^^^^^^^^^\n  File \"C:\\Users\\artmo\\Documents\\3\\pythonProject\\pages\\base_page.py\", line 91, in invisible_element\n    WebDriverWait(self.driver, timeout).until(expected_conditions.invisibility_of_element_located((locator)))\n  File \"C:\\Users\\artmo\\Documents\\3\\pythonProject\\.venv\\Lib\\site-packages\\selenium\\webdriver\\support\\wait.py\", line 105, in until\n    raise TimeoutException(message, screen, stacktrace)\n"}, "parameters": [{"name": "locator", "value": "['xpath', \".//h2[text()='9999']\"]"}, {"name": "timeout", "value": "10"}], "start": 1730054647417, "stop": 1730054657722}], "start": 1730054647417, "stop": 1730054657723}], "parameters": [{"name": "driver", "value": "'firefox'"}], "start": 1730054646146, "stop": 1730054657724, "uuid": "5004d5b2-9657-4067-94f7-1caff3a446bf", "historyId": "e2ebf65bf45aa48b6ac741ceba3a5cf2", "testCaseId": "56aa65151921f5b4f54a3a295eb04944", "fullName": "tests.test_list_of_orders.TestListOfOrders#test_number_of_created_order_shown_in_orders_in_progress", "labels": [{"name": "parentSuite", "value": "tests"}, {"name": "suite", "value": "test_list_of_orders"}, {"name": "subSuite", "value": "TestListOfOrders"}, {"name": "host", "value": "DESKTOP-ABCQNV2"}, {"name": "thread", "value": "13188-MainThread"}, {"name": "framework", "value": "pytest"}, {"name": "language", "value": "cpython3"}, {"name": "package", "value": "tests.test_list_of_orders"}]}